# JRE version: Java(TM) SE Runtime Environment (17.0.2+8) (build 17.0.2+8-LTS-86)
# Java VM: Java HotSpot(TM) 64-Bit Server VM (17.0.2+8-LTS-86, mixed mode, sharing, tiered, compressed oops, compressed class ptrs, g1 gc, windows-amd64)
GC Precious Log:
 CPUs: 4 total, 4 available
 Memory: 3534M
 Large Page Support: Disabled
 NUMA Support: Disabled
 Compressed Oops: Enabled (32-bit)
 Heap Region Size: 1M
 Heap Min Capacity: 8M
 Heap Initial Capacity: 56M
 Heap Max Capacity: 884M
 Pre-touch: Disabled
 Parallel Workers: 4
 Concurrent Workers: 1
 Concurrent Refinement Workers: 4
 Periodic GC: Disabled
Heap:
 garbage-first heap   total 48128K, used 31970K [0x00000000c8c00000, 0x0000000100000000)
  region size 1024K, 13 young (13312K), 2 survivors (2048K)
 Metaspace       used 52901K, committed 53248K, reserved 1097728K
  class space    used 7202K, committed 7360K, reserved 1048576K
GC Heap History (20 events):
Event: 8.250 GC heap before
{Heap before GC invocations=5 (full 0):
 garbage-first heap   total 57344K, used 25638K [0x00000000c8c00000, 0x0000000100000000)
  region size 1024K, 18 young (18432K), 4 survivors (4096K)
 Metaspace       used 21288K, committed 21504K, reserved 1073152K
  class space    used 2696K, committed 2816K, reserved 1048576K
}
Event: 8.256 GC heap after
{Heap after GC invocations=6 (full 0):
 garbage-first heap   total 57344K, used 12786K [0x00000000c8c00000, 0x0000000100000000)
  region size 1024K, 3 young (3072K), 3 survivors (3072K)
 Metaspace       used 21288K, committed 21504K, reserved 1073152K
  class space    used 2696K, committed 2816K, reserved 1048576K
}
Event: 10.156 GC heap before
{Heap before GC invocations=7 (full 0):
 garbage-first heap   total 48128K, used 38386K [0x00000000c8c00000, 0x0000000100000000)
  region size 1024K, 28 young (28672K), 3 survivors (3072K)
 Metaspace       used 24768K, committed 25024K, reserved 1073152K
  class space    used 3181K, committed 3264K, reserved 1048576K
}
Event: 10.165 GC heap after
{Heap after GC invocations=8 (full 0):
 garbage-first heap   total 48128K, used 14360K [0x00000000c8c00000, 0x0000000100000000)
  region size 1024K, 3 young (3072K), 3 survivors (3072K)
 Metaspace       used 24768K, committed 25024K, reserved 1073152K
  class space    used 3181K, committed 3264K, reserved 1048576K
}
Event: 11.812 GC heap before
{Heap before GC invocations=8 (full 0):
 garbage-first heap   total 48128K, used 33816K [0x00000000c8c00000, 0x0000000100000000)
  region size 1024K, 23 young (23552K), 3 survivors (3072K)
 Metaspace       used 29387K, committed 29696K, reserved 1081344K
  class space    used 3816K, committed 3968K, reserved 1048576K
}
Event: 11.822 GC heap after
{Heap after GC invocations=9 (full 0):
 garbage-first heap   total 48128K, used 16908K [0x00000000c8c00000, 0x0000000100000000)
  region size 1024K, 3 young (3072K), 3 survivors (3072K)
 Metaspace       used 29387K, committed 29696K, reserved 1081344K
  class space    used 3816K, committed 3968K, reserved 1048576K
}
Event: 12.793 GC heap before
{Heap before GC invocations=9 (full 0):
 garbage-first heap   total 48128K, used 34316K [0x00000000c8c00000, 0x0000000100000000)
  region size 1024K, 21 young (21504K), 3 survivors (3072K)
 Metaspace       used 32675K, committed 33088K, reserved 1081344K
  class space    used 4161K, committed 4352K, reserved 1048576K
}
Event: 12.799 GC heap after
{Heap after GC invocations=10 (full 0):
 garbage-first heap   total 48128K, used 18226K [0x00000000c8c00000, 0x0000000100000000)
  region size 1024K, 2 young (2048K), 2 survivors (2048K)
 Metaspace       used 32675K, committed 33088K, reserved 1081344K
  class space    used 4161K, committed 4352K, reserved 1048576K
}
Event: 13.485 GC heap before
{Heap before GC invocations=10 (full 0):
 garbage-first heap   total 48128K, used 29490K [0x00000000c8c00000, 0x0000000100000000)
  region size 1024K, 14 young (14336K), 2 survivors (2048K)
 Metaspace       used 35764K, committed 36096K, reserved 1081344K
  class space    used 4542K, committed 4672K, reserved 1048576K
}
Event: 13.490 GC heap after
{Heap after GC invocations=11 (full 0):
 garbage-first heap   total 48128K, used 19326K [0x00000000c8c00000, 0x0000000100000000)
  region size 1024K, 3 young (3072K), 3 survivors (3072K)
 Metaspace       used 35764K, committed 36096K, reserved 1081344K
  class space    used 4542K, committed 4672K, reserved 1048576K
}
Event: 14.923 GC heap before
{Heap before GC invocations=12 (full 0):
 garbage-first heap   total 48128K, used 33662K [0x00000000c8c00000, 0x0000000100000000)
  region size 1024K, 18 young (18432K), 3 survivors (3072K)
 Metaspace       used 39384K, committed 39680K, reserved 1089536K
  class space    used 5112K, committed 5248K, reserved 1048576K
}
Event: 14.929 GC heap after
{Heap after GC invocations=13 (full 0):
 garbage-first heap   total 48128K, used 20493K [0x00000000c8c00000, 0x0000000100000000)
  region size 1024K, 3 young (3072K), 3 survivors (3072K)
 Metaspace       used 39384K, committed 39680K, reserved 1089536K
  class space    used 5112K, committed 5248K, reserved 1048576K
}
Event: 15.006 GC heap before
{Heap before GC invocations=13 (full 0):
 garbage-first heap   total 48128K, used 21517K [0x00000000c8c00000, 0x0000000100000000)
  region size 1024K, 4 young (4096K), 3 survivors (3072K)
 Metaspace       used 39685K, committed 40000K, reserved 1089536K
  class space    used 5179K, committed 5312K, reserved 1048576K
}
Event: 15.014 GC heap after
{Heap after GC invocations=14 (full 0):
 garbage-first heap   total 48128K, used 20474K [0x00000000c8c00000, 0x0000000100000000)
  region size 1024K, 1 young (1024K), 1 survivors (1024K)
 Metaspace       used 39685K, committed 40000K, reserved 1089536K
  class space    used 5179K, committed 5312K, reserved 1048576K
}
Event: 16.158 GC heap before
{Heap before GC invocations=14 (full 0):
 garbage-first heap   total 48128K, used 35834K [0x00000000c8c00000, 0x0000000100000000)
  region size 1024K, 16 young (16384K), 1 survivors (1024K)
 Metaspace       used 43980K, committed 44352K, reserved 1089536K
  class space    used 5908K, committed 6080K, reserved 1048576K
}
Event: 16.161 GC heap after
{Heap after GC invocations=15 (full 0):
 garbage-first heap   total 48128K, used 21160K [0x00000000c8c00000, 0x0000000100000000)
  region size 1024K, 1 young (1024K), 1 survivors (1024K)
 Metaspace       used 43980K, committed 44352K, reserved 1089536K
  class space    used 5908K, committed 6080K, reserved 1048576K
}
Event: 17.200 GC heap before
{Heap before GC invocations=15 (full 0):
 garbage-first heap   total 48128K, used 36520K [0x00000000c8c00000, 0x0000000100000000)
  region size 1024K, 16 young (16384K), 1 survivors (1024K)
 Metaspace       used 48026K, committed 48320K, reserved 1097728K
  class space    used 6535K, committed 6656K, reserved 1048576K
}
Event: 17.204 GC heap after
{Heap after GC invocations=16 (full 0):
 garbage-first heap   total 48128K, used 21881K [0x00000000c8c00000, 0x0000000100000000)
  region size 1024K, 2 young (2048K), 2 survivors (2048K)
 Metaspace       used 48026K, committed 48320K, reserved 1097728K
  class space    used 6535K, committed 6656K, reserved 1048576K
}
Event: 18.017 GC heap before
{Heap before GC invocations=16 (full 0):
 garbage-first heap   total 48128K, used 37241K [0x00000000c8c00000, 0x0000000100000000)
  region size 1024K, 17 young (17408K), 2 survivors (2048K)
 Metaspace       used 50883K, committed 51264K, reserved 1097728K
  class space    used 6921K, committed 7104K, reserved 1048576K
}
Event: 18.025 GC heap after
{Heap after GC invocations=17 (full 0):
 garbage-first heap   total 48128K, used 22754K [0x00000000c8c00000, 0x0000000100000000)
  region size 1024K, 2 young (2048K), 2 survivors (2048K)
 Metaspace       used 50883K, committed 51264K, reserved 1097728K
  class space    used 6921K, committed 7104K, reserved 1048576K
}

